0 info it worked if it ends with ok
1 verbose cli [ 'node', '/usr/bin/npm', 'update' ]
2 info using npm@3.3.8
3 info using node@v0.10.37
4 verbose node symlink /usr/bin/node
5 silly mapToRegistry name body-parser
6 silly mapToRegistry using default registry
7 silly mapToRegistry registry https://registry.npmjs.org/
8 silly mapToRegistry uri https://registry.npmjs.org/body-parser
9 silly mapToRegistry name compression
10 silly mapToRegistry using default registry
11 silly mapToRegistry registry https://registry.npmjs.org/
12 silly mapToRegistry uri https://registry.npmjs.org/compression
13 silly mapToRegistry name ejs
14 silly mapToRegistry using default registry
15 silly mapToRegistry registry https://registry.npmjs.org/
16 silly mapToRegistry uri https://registry.npmjs.org/ejs
17 silly mapToRegistry name express
18 silly mapToRegistry using default registry
19 silly mapToRegistry registry https://registry.npmjs.org/
20 silly mapToRegistry uri https://registry.npmjs.org/express
21 silly mapToRegistry name express-session
22 silly mapToRegistry using default registry
23 silly mapToRegistry registry https://registry.npmjs.org/
24 silly mapToRegistry uri https://registry.npmjs.org/express-session
25 silly mapToRegistry name method-override
26 silly mapToRegistry using default registry
27 silly mapToRegistry registry https://registry.npmjs.org/
28 silly mapToRegistry uri https://registry.npmjs.org/method-override
29 silly mapToRegistry name morgan
30 silly mapToRegistry using default registry
31 silly mapToRegistry registry https://registry.npmjs.org/
32 silly mapToRegistry uri https://registry.npmjs.org/morgan
33 silly mapToRegistry name mongodb
34 silly mapToRegistry using default registry
35 silly mapToRegistry registry https://registry.npmjs.org/
36 silly mapToRegistry uri https://registry.npmjs.org/mongodb
37 verbose request uri https://registry.npmjs.org/body-parser
38 verbose request no auth needed
39 info attempt registry request try #1 at 15:04:41
40 verbose request id 3ad1bf0ba7b6eb2b
41 verbose etag "3XNV9U2HO0LI9ZD1OI15PIJC5"
42 http request GET https://registry.npmjs.org/body-parser
43 verbose request uri https://registry.npmjs.org/compression
44 verbose request no auth needed
45 info attempt registry request try #1 at 15:04:41
46 verbose etag "5SLEPI7QJSJTQ6FH9F3WHP7LH"
47 http request GET https://registry.npmjs.org/compression
48 verbose request uri https://registry.npmjs.org/ejs
49 verbose request no auth needed
50 info attempt registry request try #1 at 15:04:41
51 verbose etag "DTDH5CLNY0NPHXDZ72601SXBI"
52 http request GET https://registry.npmjs.org/ejs
53 verbose request uri https://registry.npmjs.org/express-session
54 verbose request no auth needed
55 info attempt registry request try #1 at 15:04:41
56 verbose etag "5Q823KI8A2256M01FIRAWNJIS"
57 http request GET https://registry.npmjs.org/express-session
58 verbose request uri https://registry.npmjs.org/method-override
59 verbose request no auth needed
60 info attempt registry request try #1 at 15:04:41
61 verbose etag "2GZU6ZNOL9HQV7B7KI4OUXOHK"
62 http request GET https://registry.npmjs.org/method-override
63 verbose request uri https://registry.npmjs.org/morgan
64 verbose request no auth needed
65 info attempt registry request try #1 at 15:04:41
66 verbose etag "4XUYK78AX6OPW2P3IXCSVOVFR"
67 http request GET https://registry.npmjs.org/morgan
68 verbose request uri https://registry.npmjs.org/express
69 verbose request no auth needed
70 info attempt registry request try #1 at 15:04:41
71 verbose etag "1XGLBFSTRE2SAQ42ADC7LOTNQ"
72 http request GET https://registry.npmjs.org/express
73 verbose request uri https://registry.npmjs.org/mongodb
74 verbose request no auth needed
75 info attempt registry request try #1 at 15:04:41
76 verbose etag "6T10UWG8PNQTQSQBR9VTP7YNF"
77 http request GET https://registry.npmjs.org/mongodb
78 http 304 https://registry.npmjs.org/body-parser
79 verbose headers { date: 'Thu, 22 Oct 2015 13:04:42 GMT',
79 verbose headers   via: '1.1 varnish',
79 verbose headers   'cache-control': 'max-age=60',
79 verbose headers   etag: '"3XNV9U2HO0LI9ZD1OI15PIJC5"',
79 verbose headers   age: '35',
79 verbose headers   connection: 'keep-alive',
79 verbose headers   'x-served-by': 'cache-fra1221-FRA',
79 verbose headers   'x-cache': 'HIT',
79 verbose headers   'x-cache-hits': '1',
79 verbose headers   'x-timer': 'S1445519082.015701,VS0,VE0',
79 verbose headers   vary: 'Accept' }
80 silly get cb [ 304,
80 silly get   { date: 'Thu, 22 Oct 2015 13:04:42 GMT',
80 silly get     via: '1.1 varnish',
80 silly get     'cache-control': 'max-age=60',
80 silly get     etag: '"3XNV9U2HO0LI9ZD1OI15PIJC5"',
80 silly get     age: '35',
80 silly get     connection: 'keep-alive',
80 silly get     'x-served-by': 'cache-fra1221-FRA',
80 silly get     'x-cache': 'HIT',
80 silly get     'x-cache-hits': '1',
80 silly get     'x-timer': 'S1445519082.015701,VS0,VE0',
80 silly get     vary: 'Accept' } ]
81 verbose etag https://registry.npmjs.org/body-parser from cache
82 verbose get saving body-parser to /home/pawel/.npm/registry.npmjs.org/body-parser/.cache.json
83 http 304 https://registry.npmjs.org/compression
84 verbose headers { date: 'Thu, 22 Oct 2015 13:04:42 GMT',
84 verbose headers   via: '1.1 varnish',
84 verbose headers   'cache-control': 'max-age=60',
84 verbose headers   etag: '"5SLEPI7QJSJTQ6FH9F3WHP7LH"',
84 verbose headers   age: '2',
84 verbose headers   connection: 'keep-alive',
84 verbose headers   'x-served-by': 'cache-fra1235-FRA',
84 verbose headers   'x-cache': 'HIT',
84 verbose headers   'x-cache-hits': '1',
84 verbose headers   'x-timer': 'S1445519082.034524,VS0,VE0',
84 verbose headers   vary: 'Accept' }
85 silly get cb [ 304,
85 silly get   { date: 'Thu, 22 Oct 2015 13:04:42 GMT',
85 silly get     via: '1.1 varnish',
85 silly get     'cache-control': 'max-age=60',
85 silly get     etag: '"5SLEPI7QJSJTQ6FH9F3WHP7LH"',
85 silly get     age: '2',
85 silly get     connection: 'keep-alive',
85 silly get     'x-served-by': 'cache-fra1235-FRA',
85 silly get     'x-cache': 'HIT',
85 silly get     'x-cache-hits': '1',
85 silly get     'x-timer': 'S1445519082.034524,VS0,VE0',
85 silly get     vary: 'Accept' } ]
86 verbose etag https://registry.npmjs.org/compression from cache
87 verbose get saving compression to /home/pawel/.npm/registry.npmjs.org/compression/.cache.json
88 http 304 https://registry.npmjs.org/ejs
89 verbose headers { date: 'Thu, 22 Oct 2015 13:04:42 GMT',
89 verbose headers   via: '1.1 varnish',
89 verbose headers   'cache-control': 'max-age=60',
89 verbose headers   etag: '"DTDH5CLNY0NPHXDZ72601SXBI"',
89 verbose headers   age: '20',
89 verbose headers   connection: 'keep-alive',
89 verbose headers   'x-served-by': 'cache-fra1231-FRA',
89 verbose headers   'x-cache': 'HIT',
89 verbose headers   'x-cache-hits': '1',
89 verbose headers   'x-timer': 'S1445519082.066705,VS0,VE0',
89 verbose headers   vary: 'Accept' }
90 silly get cb [ 304,
90 silly get   { date: 'Thu, 22 Oct 2015 13:04:42 GMT',
90 silly get     via: '1.1 varnish',
90 silly get     'cache-control': 'max-age=60',
90 silly get     etag: '"DTDH5CLNY0NPHXDZ72601SXBI"',
90 silly get     age: '20',
90 silly get     connection: 'keep-alive',
90 silly get     'x-served-by': 'cache-fra1231-FRA',
90 silly get     'x-cache': 'HIT',
90 silly get     'x-cache-hits': '1',
90 silly get     'x-timer': 'S1445519082.066705,VS0,VE0',
90 silly get     vary: 'Accept' } ]
91 verbose etag https://registry.npmjs.org/ejs from cache
92 verbose get saving ejs to /home/pawel/.npm/registry.npmjs.org/ejs/.cache.json
93 http 304 https://registry.npmjs.org/express-session
94 verbose headers { date: 'Thu, 22 Oct 2015 13:04:42 GMT',
94 verbose headers   via: '1.1 varnish',
94 verbose headers   'cache-control': 'max-age=60',
94 verbose headers   etag: '"5Q823KI8A2256M01FIRAWNJIS"',
94 verbose headers   age: '22',
94 verbose headers   connection: 'keep-alive',
94 verbose headers   'x-served-by': 'cache-fra1225-FRA',
94 verbose headers   'x-cache': 'HIT',
94 verbose headers   'x-cache-hits': '1',
94 verbose headers   'x-timer': 'S1445519082.073401,VS0,VE0',
94 verbose headers   vary: 'Accept' }
95 silly get cb [ 304,
95 silly get   { date: 'Thu, 22 Oct 2015 13:04:42 GMT',
95 silly get     via: '1.1 varnish',
95 silly get     'cache-control': 'max-age=60',
95 silly get     etag: '"5Q823KI8A2256M01FIRAWNJIS"',
95 silly get     age: '22',
95 silly get     connection: 'keep-alive',
95 silly get     'x-served-by': 'cache-fra1225-FRA',
95 silly get     'x-cache': 'HIT',
95 silly get     'x-cache-hits': '1',
95 silly get     'x-timer': 'S1445519082.073401,VS0,VE0',
95 silly get     vary: 'Accept' } ]
96 verbose etag https://registry.npmjs.org/express-session from cache
97 verbose get saving express-session to /home/pawel/.npm/registry.npmjs.org/express-session/.cache.json
98 http 304 https://registry.npmjs.org/method-override
99 verbose headers { date: 'Thu, 22 Oct 2015 13:04:42 GMT',
99 verbose headers   via: '1.1 varnish',
99 verbose headers   'cache-control': 'max-age=60',
99 verbose headers   etag: '"2GZU6ZNOL9HQV7B7KI4OUXOHK"',
99 verbose headers   age: '50',
99 verbose headers   connection: 'keep-alive',
99 verbose headers   'x-served-by': 'cache-fra1239-FRA',
99 verbose headers   'x-cache': 'HIT',
99 verbose headers   'x-cache-hits': '2',
99 verbose headers   'x-timer': 'S1445519082.078985,VS0,VE0',
99 verbose headers   vary: 'Accept' }
100 silly get cb [ 304,
100 silly get   { date: 'Thu, 22 Oct 2015 13:04:42 GMT',
100 silly get     via: '1.1 varnish',
100 silly get     'cache-control': 'max-age=60',
100 silly get     etag: '"2GZU6ZNOL9HQV7B7KI4OUXOHK"',
100 silly get     age: '50',
100 silly get     connection: 'keep-alive',
100 silly get     'x-served-by': 'cache-fra1239-FRA',
100 silly get     'x-cache': 'HIT',
100 silly get     'x-cache-hits': '2',
100 silly get     'x-timer': 'S1445519082.078985,VS0,VE0',
100 silly get     vary: 'Accept' } ]
101 verbose etag https://registry.npmjs.org/method-override from cache
102 verbose get saving method-override to /home/pawel/.npm/registry.npmjs.org/method-override/.cache.json
103 http 304 https://registry.npmjs.org/morgan
104 verbose headers { date: 'Thu, 22 Oct 2015 13:04:42 GMT',
104 verbose headers   via: '1.1 varnish',
104 verbose headers   'cache-control': 'max-age=60',
104 verbose headers   etag: '"4XUYK78AX6OPW2P3IXCSVOVFR"',
104 verbose headers   age: '58',
104 verbose headers   connection: 'keep-alive',
104 verbose headers   'x-served-by': 'cache-fra1221-FRA',
104 verbose headers   'x-cache': 'HIT',
104 verbose headers   'x-cache-hits': '1',
104 verbose headers   'x-timer': 'S1445519082.086629,VS0,VE0',
104 verbose headers   vary: 'Accept' }
105 silly get cb [ 304,
105 silly get   { date: 'Thu, 22 Oct 2015 13:04:42 GMT',
105 silly get     via: '1.1 varnish',
105 silly get     'cache-control': 'max-age=60',
105 silly get     etag: '"4XUYK78AX6OPW2P3IXCSVOVFR"',
105 silly get     age: '58',
105 silly get     connection: 'keep-alive',
105 silly get     'x-served-by': 'cache-fra1221-FRA',
105 silly get     'x-cache': 'HIT',
105 silly get     'x-cache-hits': '1',
105 silly get     'x-timer': 'S1445519082.086629,VS0,VE0',
105 silly get     vary: 'Accept' } ]
106 verbose etag https://registry.npmjs.org/morgan from cache
107 verbose get saving morgan to /home/pawel/.npm/registry.npmjs.org/morgan/.cache.json
108 http 304 https://registry.npmjs.org/express
109 verbose headers { date: 'Thu, 22 Oct 2015 13:04:42 GMT',
109 verbose headers   via: '1.1 varnish',
109 verbose headers   'cache-control': 'max-age=60',
109 verbose headers   etag: '"1XGLBFSTRE2SAQ42ADC7LOTNQ"',
109 verbose headers   age: '32',
109 verbose headers   connection: 'keep-alive',
109 verbose headers   'x-served-by': 'cache-fra1235-FRA',
109 verbose headers   'x-cache': 'HIT',
109 verbose headers   'x-cache-hits': '1',
109 verbose headers   'x-timer': 'S1445519082.099611,VS0,VE2',
109 verbose headers   vary: 'Accept' }
110 silly get cb [ 304,
110 silly get   { date: 'Thu, 22 Oct 2015 13:04:42 GMT',
110 silly get     via: '1.1 varnish',
110 silly get     'cache-control': 'max-age=60',
110 silly get     etag: '"1XGLBFSTRE2SAQ42ADC7LOTNQ"',
110 silly get     age: '32',
110 silly get     connection: 'keep-alive',
110 silly get     'x-served-by': 'cache-fra1235-FRA',
110 silly get     'x-cache': 'HIT',
110 silly get     'x-cache-hits': '1',
110 silly get     'x-timer': 'S1445519082.099611,VS0,VE2',
110 silly get     vary: 'Accept' } ]
111 verbose etag https://registry.npmjs.org/express from cache
112 verbose get saving express to /home/pawel/.npm/registry.npmjs.org/express/.cache.json
113 http 304 https://registry.npmjs.org/mongodb
114 verbose headers { date: 'Thu, 22 Oct 2015 13:04:42 GMT',
114 verbose headers   via: '1.1 varnish',
114 verbose headers   'cache-control': 'max-age=60',
114 verbose headers   etag: '"6T10UWG8PNQTQSQBR9VTP7YNF"',
114 verbose headers   age: '20',
114 verbose headers   connection: 'keep-alive',
114 verbose headers   'x-served-by': 'cache-fra1231-FRA',
114 verbose headers   'x-cache': 'HIT',
114 verbose headers   'x-cache-hits': '1',
114 verbose headers   'x-timer': 'S1445519082.137100,VS0,VE3',
114 verbose headers   vary: 'Accept' }
115 silly get cb [ 304,
115 silly get   { date: 'Thu, 22 Oct 2015 13:04:42 GMT',
115 silly get     via: '1.1 varnish',
115 silly get     'cache-control': 'max-age=60',
115 silly get     etag: '"6T10UWG8PNQTQSQBR9VTP7YNF"',
115 silly get     age: '20',
115 silly get     connection: 'keep-alive',
115 silly get     'x-served-by': 'cache-fra1231-FRA',
115 silly get     'x-cache': 'HIT',
115 silly get     'x-cache-hits': '1',
115 silly get     'x-timer': 'S1445519082.137100,VS0,VE3',
115 silly get     vary: 'Accept' } ]
116 verbose etag https://registry.npmjs.org/mongodb from cache
117 verbose get saving mongodb to /home/pawel/.npm/registry.npmjs.org/mongodb/.cache.json
118 silly cache add args [ 'mongodb', '~3.0.0' ]
119 verbose cache add spec mongodb@~3.0.0
120 silly cache add parsed spec { raw: 'mongodb@~3.0.0',
120 silly cache add   scope: null,
120 silly cache add   name: 'mongodb',
120 silly cache add   rawSpec: '~3.0.0',
120 silly cache add   spec: '>=3.0.0 <3.1.0',
120 silly cache add   type: 'range' }
121 silly addNamed mongodb@>=3.0.0 <3.1.0
122 verbose addNamed ">=3.0.0 <3.1.0" is a valid semver range for mongodb
123 silly addNameRange { name: 'mongodb', range: '>=3.0.0 <3.1.0', hasData: false }
124 silly mapToRegistry name mongodb
125 silly mapToRegistry using default registry
126 silly mapToRegistry registry https://registry.npmjs.org/
127 silly mapToRegistry uri https://registry.npmjs.org/mongodb
128 verbose addNameRange registry:https://registry.npmjs.org/mongodb not in flight; fetching
129 verbose get https://registry.npmjs.org/mongodb not expired, no request
130 silly addNameRange number 2 { name: 'mongodb', range: '>=3.0.0 <3.1.0', hasData: true }
131 silly addNameRange versions [ 'mongodb',
131 silly addNameRange   [ '0.9.4',
131 silly addNameRange     '0.9.4-4',
131 silly addNameRange     '0.9.3',
131 silly addNameRange     '0.9.1',
131 silly addNameRange     '0.9.2',
131 silly addNameRange     '0.9.6-7',
131 silly addNameRange     '0.9.6-8',
131 silly addNameRange     '0.9.6-9',
131 silly addNameRange     '0.9.6-10',
131 silly addNameRange     '0.9.6-11',
131 silly addNameRange     '0.9.6-12',
131 silly addNameRange     '0.9.6-13',
131 silly addNameRange     '0.9.6-14',
131 silly addNameRange     '0.9.6-15',
131 silly addNameRange     '0.9.6-16',
131 silly addNameRange     '0.9.6-17',
131 silly addNameRange     '0.9.6-18',
131 silly addNameRange     '0.9.6-19',
131 silly addNameRange     '0.9.6-20',
131 silly addNameRange     '0.9.6-21',
131 silly addNameRange     '0.9.6-22',
131 silly addNameRange     '0.9.6-23',
131 silly addNameRange     '0.9.7',
131 silly addNameRange     '0.9.7-0',
131 silly addNameRange     '0.9.7-1',
131 silly addNameRange     '0.9.7-1.1',
131 silly addNameRange     '0.9.7-1.2',
131 silly addNameRange     '0.9.7-1.3',
131 silly addNameRange     '0.9.7-1.4',
131 silly addNameRange     '0.9.7-2',
131 silly addNameRange     '0.9.7-2-1',
131 silly addNameRange     '0.9.7-2-2',
131 silly addNameRange     '0.9.7-2-3',
131 silly addNameRange     '0.9.7-2-4',
131 silly addNameRange     '0.9.7-2-5',
131 silly addNameRange     '0.9.7-3',
131 silly addNameRange     '0.9.7-3-1',
131 silly addNameRange     '0.9.7-3-2',
131 silly addNameRange     '0.9.7-3-3',
131 silly addNameRange     '0.9.7-3-4',
131 silly addNameRange     '0.9.7-3-5',
131 silly addNameRange     '0.9.8',
131 silly addNameRange     '0.9.8-1',
131 silly addNameRange     '0.9.8-2',
131 silly addNameRange     '0.9.8-3',
131 silly addNameRange     '0.9.8-4',
131 silly addNameRange     '0.9.8-5',
131 silly addNameRange     '0.9.8-6',
131 silly addNameRange     '0.9.8-7',
131 silly addNameRange     '0.9.9',
131 silly addNameRange     '0.9.9-1',
131 silly addNameRange     '0.9.9-2',
131 silly addNameRange     '0.9.9-3',
131 silly addNameRange     '0.9.9-4',
131 silly addNameRange     '0.9.9-5',
131 silly addNameRange     '0.9.9-6',
131 silly addNameRange     '0.9.9-7',
131 silly addNameRange     '0.9.9-8',
131 silly addNameRange     '1.0.0',
131 silly addNameRange     '1.0.1',
131 silly addNameRange     '1.0.2',
131 silly addNameRange     '1.1.0-beta',
131 silly addNameRange     '1.1.0',
131 silly addNameRange     '1.1.1',
131 silly addNameRange     '1.1.2',
131 silly addNameRange     '1.1.3',
131 silly addNameRange     '1.1.4',
131 silly addNameRange     '1.1.5',
131 silly addNameRange     '1.1.6',
131 silly addNameRange     '1.1.7',
131 silly addNameRange     '1.1.8',
131 silly addNameRange     '1.1.9',
131 silly addNameRange     '1.1.10',
131 silly addNameRange     '1.1.11',
131 silly addNameRange     '1.2.0',
131 silly addNameRange     '1.2.1',
131 silly addNameRange     '1.2.2',
131 silly addNameRange     '1.2.3',
131 silly addNameRange     '1.2.4',
131 silly addNameRange     '1.2.5',
131 silly addNameRange     '1.2.6',
131 silly addNameRange     '1.2.7',
131 silly addNameRange     '1.2.8',
131 silly addNameRange     '1.2.9',
131 silly addNameRange     '1.2.10',
131 silly addNameRange     '1.2.11',
131 silly addNameRange     '1.2.12',
131 silly addNameRange     '1.2.13',
131 silly addNameRange     '1.2.14',
131 silly addNameRange     '1.3.0',
131 silly addNameRange     '1.3.1',
131 silly addNameRange     '1.3.2',
131 silly addNameRange     '1.3.3',
131 silly addNameRange     '1.3.4',
131 silly addNameRange     '1.3.5',
131 silly addNameRange     '1.3.6',
131 silly addNameRange     '1.3.7',
131 silly addNameRange     '1.3.8',
131 silly addNameRange     '1.3.9',
131 silly addNameRange     '1.3.10',
131 silly addNameRange     '1.3.11',
131 silly addNameRange     '1.3.12',
131 silly addNameRange     '1.3.14',
131 silly addNameRange     '1.3.15',
131 silly addNameRange     '1.3.17',
131 silly addNameRange     '1.3.18',
131 silly addNameRange     '1.3.19',
131 silly addNameRange     '1.4.0-rc2',
131 silly addNameRange     '1.3.20',
131 silly addNameRange     '1.4.0-rc3',
131 silly addNameRange     '1.3.21',
131 silly addNameRange     '1.3.22',
131 silly addNameRange     '1.3.23',
131 silly addNameRange     '1.4.0-rc4',
131 silly addNameRange     '1.4.0-rc5',
131 silly addNameRange     '1.4.0-rc6',
131 silly addNameRange     '1.4.0-rc7',
131 silly addNameRange     '1.4.0-rc8',
131 silly addNameRange     '1.4.0-rc9',
131 silly addNameRange     '1.4.0-rc10',
131 silly addNameRange     '1.4.0',
131 silly addNameRange     '1.4.1',
131 silly addNameRange     '1.4.2',
131 silly addNameRange     '1.4.3',
131 silly addNameRange     '1.4.4',
131 silly addNameRange     '1.4.5',
131 silly addNameRange     '1.4.6',
131 silly addNameRange     '1.4.7',
131 silly addNameRange     '1.4.8',
131 silly addNameRange     '1.4.9',
131 silly addNameRange     '1.4.10',
131 silly addNameRange     '2.0.0-alpha1',
131 silly addNameRange     '1.4.11',
131 silly addNameRange     '1.4.12',
131 silly addNameRange     '1.4.14',
131 silly addNameRange     '1.4.15',
131 silly addNameRange     '1.4.16',
131 silly addNameRange     '1.4.17',
131 silly addNameRange     '2.0.0-alpha2',
131 silly addNameRange     '1.4.18',
131 silly addNameRange     '2.0.0',
131 silly addNameRange     '2.0.1',
131 silly addNameRange     '2.0.2',
131 silly addNameRange     '1.4.19',
131 silly addNameRange     '2.0.3',
131 silly addNameRange     '2.0.4',
131 silly addNameRange     '2.0.5',
131 silly addNameRange     '2.0.6',
131 silly addNameRange     '1.4.20',
131 silly addNameRange     '1.4.22',
131 silly addNameRange     '2.0.7',
131 silly addNameRange     '2.0.8',
131 silly addNameRange     '2.0.9',
131 silly addNameRange     '1.4.23',
131 silly addNameRange     '2.0.10',
131 silly addNameRange     '1.4.24',
131 silly addNameRange     '2.0.11',
131 silly addNameRange     '1.4.25',
131 silly addNameRange     '2.0.12',
131 silly addNameRange     '1.4.26',
131 silly addNameRange     '1.4.27',
131 silly addNameRange     '1.4.28',
131 silly addNameRange     '2.0.13',
131 silly addNameRange     '2.0.14',
131 silly addNameRange     '1.4.29',
131 silly addNameRange     '2.0.15',
131 silly addNameRange     '1.4.30',
131 silly addNameRange     '2.0.16',
131 silly addNameRange     '1.4.31',
131 silly addNameRange     '2.0.17',
131 silly addNameRange     '1.4.32',
131 silly addNameRange     '2.0.18',
131 silly addNameRange     '2.0.19',
131 silly addNameRange     '1.4.33',
131 silly addNameRange     '2.0.20',
131 silly addNameRange     '2.0.21',
131 silly addNameRange     '1.4.34',
131 silly addNameRange     '2.0.22',
131 silly addNameRange     '2.0.23',
131 silly addNameRange     '1.4.35',
131 silly addNameRange     '2.0.24',
131 silly addNameRange     '2.0.25',
131 silly addNameRange     '2.0.26',
131 silly addNameRange     '2.0.27',
131 silly addNameRange     '2.0.28',
131 silly addNameRange     '2.0.29',
131 silly addNameRange     '1.4.36',
131 silly addNameRange     '2.0.30',
131 silly addNameRange     '1.4.37',
131 silly addNameRange     '2.0.31',
131 silly addNameRange     '1.4.38',
131 silly addNameRange     '2.0.32',
131 silly addNameRange     '2.0.33',
131 silly addNameRange     '2.1.0-alpha',
131 silly addNameRange     '2.0.34',
131 silly addNameRange     '2.0.35',
131 silly addNameRange     '2.0.36',
131 silly addNameRange     '2.0.37',
131 silly addNameRange     '2.0.38',
131 silly addNameRange     '2.0.39',
131 silly addNameRange     '1.4.39',
131 silly addNameRange     '2.0.40',
131 silly addNameRange     '2.0.41',
131 silly addNameRange     '2.0.42',
131 silly addNameRange     '2.0.43',
131 silly addNameRange     '2.0.44',
131 silly addNameRange     '2.0.45',
131 silly addNameRange     '2.0.46' ] ]
132 verbose stack Error: No compatible version found: mongodb@'>=3.0.0 <3.1.0'
132 verbose stack Valid install targets:
132 verbose stack ["0.9.4","0.9.4-4","0.9.3","0.9.1","0.9.2","0.9.6-7","0.9.6-8","0.9.6-9","0.9.6-10","0.9.6-11","0.9.6-12","0.9.6-13","0.9.6-14","0.9.6-15","0.9.6-16","0.9.6-17","0.9.6-18","0.9.6-19","0.9.6-20","0.9.6-21","0.9.6-22","0.9.6-23","0.9.7","0.9.7-0","0.9.7-1","0.9.7-1.1","0.9.7-1.2","0.9.7-1.3","0.9.7-1.4","0.9.7-2","0.9.7-2-1","0.9.7-2-2","0.9.7-2-3","0.9.7-2-4","0.9.7-2-5","0.9.7-3","0.9.7-3-1","0.9.7-3-2","0.9.7-3-3","0.9.7-3-4","0.9.7-3-5","0.9.8","0.9.8-1","0.9.8-2","0.9.8-3","0.9.8-4","0.9.8-5","0.9.8-6","0.9.8-7","0.9.9","0.9.9-1","0.9.9-2","0.9.9-3","0.9.9-4","0.9.9-5","0.9.9-6","0.9.9-7","0.9.9-8","1.0.0","1.0.1","1.0.2","1.1.0-beta","1.1.0","1.1.1","1.1.2","1.1.3","1.1.4","1.1.5","1.1.6","1.1.7","1.1.8","1.1.9","1.1.10","1.1.11","1.2.0","1.2.1","1.2.2","1.2.3","1.2.4","1.2.5","1.2.6","1.2.7","1.2.8","1.2.9","1.2.10","1.2.11","1.2.12","1.2.13","1.2.14","1.3.0","1.3.1","1.3.2","1.3.3","1.3.4","1.3.5","1.3.6","1.3.7","1.3.8","1.3.9","1.3.10","1.3.11","1.3.12","1.3.14","1.3.15","1.3.17","1.3.18","1.3.19","1.4.0-rc2","1.3.20","1.4.0-rc3","1.3.21","1.3.22","1.3.23","1.4.0-rc4","1.4.0-rc5","1.4.0-rc6","1.4.0-rc7","1.4.0-rc8","1.4.0-rc9","1.4.0-rc10","1.4.0","1.4.1","1.4.2","1.4.3","1.4.4","1.4.5","1.4.6","1.4.7","1.4.8","1.4.9","1.4.10","2.0.0-alpha1","1.4.11","1.4.12","1.4.14","1.4.15","1.4.16","1.4.17","2.0.0-alpha2","1.4.18","2.0.0","2.0.1","2.0.2","1.4.19","2.0.3","2.0.4","2.0.5","2.0.6","1.4.20","1.4.22","2.0.7","2.0.8","2.0.9","1.4.23","2.0.10","1.4.24","2.0.11","1.4.25","2.0.12","1.4.26","1.4.27","1.4.28","2.0.13","2.0.14","1.4.29","2.0.15","1.4.30","2.0.16","1.4.31","2.0.17","1.4.32","2.0.18","2.0.19","1.4.33","2.0.20","2.0.21","1.4.34","2.0.22","2.0.23","1.4.35","2.0.24","2.0.25","2.0.26","2.0.27","2.0.28","2.0.29","1.4.36","2.0.30","1.4.37","2.0.31","1.4.38","2.0.32","2.0.33","2.1.0-alpha","2.0.34","2.0.35","2.0.36","2.0.37","2.0.38","2.0.39","1.4.39","2.0.40","2.0.41","2.0.42","2.0.43","2.0.44","2.0.45","2.0.46"]
132 verbose stack
132 verbose stack     at installTargetsError (/usr/lib/node_modules/npm/lib/cache/add-named.js:292:12)
132 verbose stack     at next (/usr/lib/node_modules/npm/lib/cache/add-named.js:270:19)
132 verbose stack     at setData (/usr/lib/node_modules/npm/lib/cache/add-named.js:242:5)
132 verbose stack     at RES (/usr/lib/node_modules/npm/node_modules/inflight/inflight.js:23:14)
132 verbose stack     at f (/usr/lib/node_modules/npm/node_modules/once/once.js:17:25)
132 verbose stack     at fixName (/usr/lib/node_modules/npm/lib/cache/add-named.js:30:5)
132 verbose stack     at /usr/lib/node_modules/npm/lib/utils/pulse-till-done.js:19:8
132 verbose stack     at CachingRegistryClient.get_ (/usr/lib/node_modules/npm/lib/cache/caching-client.js:120:16)
132 verbose stack     at /usr/lib/node_modules/npm/lib/cache/caching-client.js:87:14
132 verbose stack     at /usr/lib/node_modules/npm/node_modules/graceful-fs/graceful-fs.js:76:16
133 verbose cwd /home/pawel/praca_dyplomowa/1_stopien/MEAN/chapter_3/app_three
134 error Linux 3.13.0-57-generic
135 error argv "node" "/usr/bin/npm" "update"
136 error node v0.10.37
137 error npm  v3.3.8
138 error code ETARGET
139 error notarget No compatible version found: mongodb@'>=3.0.0 <3.1.0'
139 error notarget Valid install targets:
139 error notarget ["0.9.4","0.9.4-4","0.9.3","0.9.1","0.9.2","0.9.6-7","0.9.6-8","0.9.6-9","0.9.6-10","0.9.6-11","0.9.6-12","0.9.6-13","0.9.6-14","0.9.6-15","0.9.6-16","0.9.6-17","0.9.6-18","0.9.6-19","0.9.6-20","0.9.6-21","0.9.6-22","0.9.6-23","0.9.7","0.9.7-0","0.9.7-1","0.9.7-1.1","0.9.7-1.2","0.9.7-1.3","0.9.7-1.4","0.9.7-2","0.9.7-2-1","0.9.7-2-2","0.9.7-2-3","0.9.7-2-4","0.9.7-2-5","0.9.7-3","0.9.7-3-1","0.9.7-3-2","0.9.7-3-3","0.9.7-3-4","0.9.7-3-5","0.9.8","0.9.8-1","0.9.8-2","0.9.8-3","0.9.8-4","0.9.8-5","0.9.8-6","0.9.8-7","0.9.9","0.9.9-1","0.9.9-2","0.9.9-3","0.9.9-4","0.9.9-5","0.9.9-6","0.9.9-7","0.9.9-8","1.0.0","1.0.1","1.0.2","1.1.0-beta","1.1.0","1.1.1","1.1.2","1.1.3","1.1.4","1.1.5","1.1.6","1.1.7","1.1.8","1.1.9","1.1.10","1.1.11","1.2.0","1.2.1","1.2.2","1.2.3","1.2.4","1.2.5","1.2.6","1.2.7","1.2.8","1.2.9","1.2.10","1.2.11","1.2.12","1.2.13","1.2.14","1.3.0","1.3.1","1.3.2","1.3.3","1.3.4","1.3.5","1.3.6","1.3.7","1.3.8","1.3.9","1.3.10","1.3.11","1.3.12","1.3.14","1.3.15","1.3.17","1.3.18","1.3.19","1.4.0-rc2","1.3.20","1.4.0-rc3","1.3.21","1.3.22","1.3.23","1.4.0-rc4","1.4.0-rc5","1.4.0-rc6","1.4.0-rc7","1.4.0-rc8","1.4.0-rc9","1.4.0-rc10","1.4.0","1.4.1","1.4.2","1.4.3","1.4.4","1.4.5","1.4.6","1.4.7","1.4.8","1.4.9","1.4.10","2.0.0-alpha1","1.4.11","1.4.12","1.4.14","1.4.15","1.4.16","1.4.17","2.0.0-alpha2","1.4.18","2.0.0","2.0.1","2.0.2","1.4.19","2.0.3","2.0.4","2.0.5","2.0.6","1.4.20","1.4.22","2.0.7","2.0.8","2.0.9","1.4.23","2.0.10","1.4.24","2.0.11","1.4.25","2.0.12","1.4.26","1.4.27","1.4.28","2.0.13","2.0.14","1.4.29","2.0.15","1.4.30","2.0.16","1.4.31","2.0.17","1.4.32","2.0.18","2.0.19","1.4.33","2.0.20","2.0.21","1.4.34","2.0.22","2.0.23","1.4.35","2.0.24","2.0.25","2.0.26","2.0.27","2.0.28","2.0.29","1.4.36","2.0.30","1.4.37","2.0.31","1.4.38","2.0.32","2.0.33","2.1.0-alpha","2.0.34","2.0.35","2.0.36","2.0.37","2.0.38","2.0.39","1.4.39","2.0.40","2.0.41","2.0.42","2.0.43","2.0.44","2.0.45","2.0.46"]
139 error notarget
139 error notarget This is most likely not a problem with npm itself.
139 error notarget In most cases you or one of your dependencies are requesting
139 error notarget a package version that doesn't exist.
140 verbose exit [ 1, true ]
