0 info it worked if it ends with ok
1 verbose cli [ 'node', '/usr/bin/npm', 'install' ]
2 info using npm@3.3.8
3 info using node@v0.10.37
4 verbose node symlink /usr/bin/node
5 silly loadCurrentTree Starting
6 silly install loadCurrentTree
7 silly install readLocalPackageData
8 silly install normalizeTree
9 silly loadCurrentTree Finishing
10 silly loadIdealTree Starting
11 silly install loadIdealTree
12 silly cloneCurrentTree Starting
13 silly install cloneCurrentTreeToIdealTree
14 silly cloneCurrentTree Finishing
15 silly loadShrinkwrap Starting
16 silly install loadShrinkwrap
17 silly loadShrinkwrap Finishing
18 silly loadAllDepsIntoIdealTree Starting
19 silly install loadAllDepsIntoIdealTree
20 silly fetchNamedPackageData express
21 silly mapToRegistry name express
22 silly mapToRegistry using default registry
23 silly mapToRegistry registry https://registry.npmjs.org/
24 silly mapToRegistry uri https://registry.npmjs.org/express
25 verbose request uri https://registry.npmjs.org/express
26 verbose request no auth needed
27 info attempt registry request try #1 at 22:51:26
28 verbose request id 8b455249f330edba
29 verbose etag "1DU8E009YO7S6QZ95RVDWOZ1L"
30 http request GET https://registry.npmjs.org/express
31 http 304 https://registry.npmjs.org/express
32 verbose headers { date: 'Tue, 20 Oct 2015 20:51:27 GMT',
32 verbose headers   via: '1.1 varnish',
32 verbose headers   'cache-control': 'max-age=60',
32 verbose headers   etag: '"1DU8E009YO7S6QZ95RVDWOZ1L"',
32 verbose headers   age: '54',
32 verbose headers   connection: 'keep-alive',
32 verbose headers   'x-served-by': 'cache-fra1244-FRA',
32 verbose headers   'x-cache': 'HIT',
32 verbose headers   'x-cache-hits': '2',
32 verbose headers   'x-timer': 'S1445374287.546436,VS0,VE0',
32 verbose headers   vary: 'Accept' }
33 silly get cb [ 304,
33 silly get   { date: 'Tue, 20 Oct 2015 20:51:27 GMT',
33 silly get     via: '1.1 varnish',
33 silly get     'cache-control': 'max-age=60',
33 silly get     etag: '"1DU8E009YO7S6QZ95RVDWOZ1L"',
33 silly get     age: '54',
33 silly get     connection: 'keep-alive',
33 silly get     'x-served-by': 'cache-fra1244-FRA',
33 silly get     'x-cache': 'HIT',
33 silly get     'x-cache-hits': '2',
33 silly get     'x-timer': 'S1445374287.546436,VS0,VE0',
33 silly get     vary: 'Accept' } ]
34 verbose etag https://registry.npmjs.org/express from cache
35 verbose get saving express to /home/pawel/.npm/registry.npmjs.org/express/.cache.json
36 silly resolveWithNewModule express@4.8.8 checking installable status
37 silly cache add args [ 'express@~4.8.8', null ]
38 verbose cache add spec express@~4.8.8
39 silly cache add parsed spec { raw: 'express@~4.8.8',
39 silly cache add   scope: null,
39 silly cache add   name: 'express',
39 silly cache add   rawSpec: '~4.8.8',
39 silly cache add   spec: '>=4.8.8 <4.9.0',
39 silly cache add   type: 'range' }
40 silly addNamed express@>=4.8.8 <4.9.0
41 verbose addNamed ">=4.8.8 <4.9.0" is a valid semver range for express
42 silly addNameRange { name: 'express', range: '>=4.8.8 <4.9.0', hasData: false }
43 silly mapToRegistry name express
44 silly mapToRegistry using default registry
45 silly mapToRegistry registry https://registry.npmjs.org/
46 silly mapToRegistry uri https://registry.npmjs.org/express
47 verbose addNameRange registry:https://registry.npmjs.org/express not in flight; fetching
48 verbose get https://registry.npmjs.org/express not expired, no request
49 silly addNameRange number 2 { name: 'express', range: '>=4.8.8 <4.9.0', hasData: true }
50 silly addNameRange versions [ 'express',
50 silly addNameRange   [ '0.14.0',
50 silly addNameRange     '0.14.1',
50 silly addNameRange     '1.0.0',
50 silly addNameRange     '1.0.1',
50 silly addNameRange     '1.0.2',
50 silly addNameRange     '1.0.3',
50 silly addNameRange     '1.0.4',
50 silly addNameRange     '1.0.5',
50 silly addNameRange     '1.0.6',
50 silly addNameRange     '1.0.7',
50 silly addNameRange     '1.0.8',
50 silly addNameRange     '2.0.0',
50 silly addNameRange     '2.1.0',
50 silly addNameRange     '2.1.1',
50 silly addNameRange     '2.2.0',
50 silly addNameRange     '2.2.1',
50 silly addNameRange     '2.2.2',
50 silly addNameRange     '2.3.0',
50 silly addNameRange     '2.3.1',
50 silly addNameRange     '2.3.2',
50 silly addNameRange     '2.3.3',
50 silly addNameRange     '2.3.4',
50 silly addNameRange     '2.3.5',
50 silly addNameRange     '2.3.6',
50 silly addNameRange     '2.3.7',
50 silly addNameRange     '2.3.8',
50 silly addNameRange     '2.3.9',
50 silly addNameRange     '2.3.10',
50 silly addNameRange     '2.3.11',
50 silly addNameRange     '2.3.12',
50 silly addNameRange     '2.4.0',
50 silly addNameRange     '2.4.1',
50 silly addNameRange     '2.4.2',
50 silly addNameRange     '2.4.3',
50 silly addNameRange     '2.4.4',
50 silly addNameRange     '2.4.5',
50 silly addNameRange     '2.4.6',
50 silly addNameRange     '2.4.7',
50 silly addNameRange     '2.5.0',
50 silly addNameRange     '2.5.1',
50 silly addNameRange     '2.5.2',
50 silly addNameRange     '2.5.3',
50 silly addNameRange     '2.5.4',
50 silly addNameRange     '2.5.5',
50 silly addNameRange     '2.5.6',
50 silly addNameRange     '2.5.7',
50 silly addNameRange     '2.5.8',
50 silly addNameRange     '2.5.9',
50 silly addNameRange     '2.5.10',
50 silly addNameRange     '2.5.11',
50 silly addNameRange     '3.0.0',
50 silly addNameRange     '3.0.1',
50 silly addNameRange     '3.0.2',
50 silly addNameRange     '3.0.3',
50 silly addNameRange     '3.0.4',
50 silly addNameRange     '3.0.5',
50 silly addNameRange     '3.0.6',
50 silly addNameRange     '3.1.0',
50 silly addNameRange     '3.1.1',
50 silly addNameRange     '3.1.2',
50 silly addNameRange     '3.2.0',
50 silly addNameRange     '3.2.1',
50 silly addNameRange     '3.2.2',
50 silly addNameRange     '3.2.3',
50 silly addNameRange     '3.2.4',
50 silly addNameRange     '3.2.5',
50 silly addNameRange     '3.2.6',
50 silly addNameRange     '3.3.0',
50 silly addNameRange     '3.3.1',
50 silly addNameRange     '3.3.2',
50 silly addNameRange     '3.3.3',
50 silly addNameRange     '3.3.4',
50 silly addNameRange     '3.3.5',
50 silly addNameRange     '3.3.6',
50 silly addNameRange     '1.0.0-beta',
50 silly addNameRange     '1.0.0-beta2',
50 silly addNameRange     '1.0.0-rc',
50 silly addNameRange     '1.0.0-rc2',
50 silly addNameRange     '1.0.0-rc3',
50 silly addNameRange     '1.0.0-rc4',
50 silly addNameRange     '2.0.0-beta',
50 silly addNameRange     '2.0.0-beta2',
50 silly addNameRange     '2.0.0-beta3',
50 silly addNameRange     '2.0.0-rc',
50 silly addNameRange     '2.0.0-rc2',
50 silly addNameRange     '2.0.0-rc3',
50 silly addNameRange     '3.0.0-alpha1',
50 silly addNameRange     '3.0.0-alpha2',
50 silly addNameRange     '3.0.0-alpha3',
50 silly addNameRange     '3.0.0-alpha4',
50 silly addNameRange     '3.0.0-alpha5',
50 silly addNameRange     '3.0.0-beta1',
50 silly addNameRange     '3.0.0-beta2',
50 silly addNameRange     '3.0.0-beta3',
50 silly addNameRange     '3.0.0-beta4',
50 silly addNameRange     '3.0.0-beta6',
50 silly addNameRange     '3.0.0-beta7',
50 silly addNameRange     '3.0.0-rc1',
50 silly addNameRange     '3.0.0-rc2',
50 silly addNameRange     '3.0.0-rc3',
50 silly addNameRange     '3.0.0-rc4',
50 silly addNameRange     '3.0.0-rc5',
50 silly addNameRange     '3.3.7',
50 silly addNameRange     '3.3.8',
50 silly addNameRange     '3.4.0',
50 silly addNameRange     '3.4.1',
50 silly addNameRange     '3.4.2',
50 silly addNameRange     '3.4.3',
50 silly addNameRange     '3.4.4',
50 silly addNameRange     '3.4.5',
50 silly addNameRange     '3.4.6',
50 silly addNameRange     '3.4.7',
50 silly addNameRange     '3.4.8',
50 silly addNameRange     '4.0.0-rc1',
50 silly addNameRange     '4.0.0-rc2',
50 silly addNameRange     '3.5.0',
50 silly addNameRange     '4.0.0-rc3',
50 silly addNameRange     '4.0.0-rc4',
50 silly addNameRange     '3.5.1',
50 silly addNameRange     '4.0.0',
50 silly addNameRange     '3.5.2',
50 silly addNameRange     '4.1.0',
50 silly addNameRange     '4.1.1',
50 silly addNameRange     '3.5.3',
50 silly addNameRange     '4.1.2',
50 silly addNameRange     '3.6.0',
50 silly addNameRange     '4.2.0',
50 silly addNameRange     '3.7.0',
50 silly addNameRange     '3.8.0',
50 silly addNameRange     '4.3.0',
50 silly addNameRange     '4.3.1',
50 silly addNameRange     '3.8.1',
50 silly addNameRange     '4.3.2',
50 silly addNameRange     '3.9.0',
50 silly addNameRange     '4.4.0',
50 silly addNameRange     '4.4.1',
50 silly addNameRange     '3.10.0',
50 silly addNameRange     '3.10.1',
50 silly addNameRange     '3.10.2',
50 silly addNameRange     '3.10.3',
50 silly addNameRange     '3.10.4',
50 silly addNameRange     '4.4.2',
50 silly addNameRange     '3.10.5',
50 silly addNameRange     '4.4.3',
50 silly addNameRange     '3.11.0',
50 silly addNameRange     '4.4.4',
50 silly addNameRange     '3.12.0',
50 silly addNameRange     '3.12.1',
50 silly addNameRange     '4.4.5',
50 silly addNameRange     '3.13.0',
50 silly addNameRange     '4.5.0',
50 silly addNameRange     '4.5.1',
50 silly addNameRange     '3.14.0',
50 silly addNameRange     '4.6.0',
50 silly addNameRange     '4.6.1',
50 silly addNameRange     '3.15.0',
50 silly addNameRange     '4.7.0',
50 silly addNameRange     '3.15.1',
50 silly addNameRange     '4.7.1',
50 silly addNameRange     '3.15.2',
50 silly addNameRange     '4.7.2',
50 silly addNameRange     '4.7.3',
50 silly addNameRange     '3.15.3',
50 silly addNameRange     '4.7.4',
50 silly addNameRange     '3.16.0',
50 silly addNameRange     '4.8.0',
50 silly addNameRange     '3.16.1',
50 silly addNameRange     '4.8.1',
50 silly addNameRange     '3.16.2',
50 silly addNameRange     '4.8.2',
50 silly addNameRange     '3.16.3',
50 silly addNameRange     '3.16.4',
50 silly addNameRange     '4.8.3',
50 silly addNameRange     '3.16.5',
50 silly addNameRange     '3.16.6',
50 silly addNameRange     '4.8.4',
50 silly addNameRange     '3.16.7',
50 silly addNameRange     '4.8.5',
50 silly addNameRange     '3.16.8',
50 silly addNameRange     '4.8.6',
50 silly addNameRange     '3.16.9',
50 silly addNameRange     '4.8.7',
50 silly addNameRange     '3.16.10',
50 silly addNameRange     '4.8.8',
50 silly addNameRange     '3.17.0',
50 silly addNameRange     '3.17.1',
50 silly addNameRange     '4.9.0',
50 silly addNameRange     '3.17.2',
50 silly addNameRange     '4.9.1',
50 silly addNameRange     '4.9.2',
50 silly addNameRange     '3.17.3',
50 silly addNameRange     '4.9.3',
50 silly addNameRange     '3.17.4',
50 silly addNameRange     '4.9.4',
50 silly addNameRange     '3.17.5',
50 silly addNameRange     '4.9.5',
50 silly addNameRange     '3.17.6',
50 silly addNameRange     '3.17.7',
50 silly addNameRange     '4.9.6',
50 silly addNameRange     '4.9.7',
50 silly addNameRange     '3.17.8',
50 silly addNameRange     '4.9.8',
50 silly addNameRange     '3.18.0',
50 silly addNameRange     '3.18.1',
50 silly addNameRange     '4.10.0',
50 silly addNameRange     '3.18.2',
50 silly addNameRange     '4.10.1',
50 silly addNameRange     '5.0.0-alpha.1',
50 silly addNameRange     '3.18.3',
50 silly addNameRange     '4.10.2',
50 silly addNameRange     '3.18.4',
50 silly addNameRange     '4.10.3',
50 silly addNameRange     '4.10.4',
50 silly addNameRange     '4.10.5',
50 silly addNameRange     '3.18.5',
50 silly addNameRange     '3.18.6',
50 silly addNameRange     '4.10.6',
50 silly addNameRange     '4.10.7',
50 silly addNameRange     '3.19.0',
50 silly addNameRange     '4.10.8',
50 silly addNameRange     '4.11.0',
50 silly addNameRange     '3.19.1',
50 silly addNameRange     '4.11.1',
50 silly addNameRange     '3.19.2',
50 silly addNameRange     '4.11.2',
50 silly addNameRange     '3.20.0',
50 silly addNameRange     '4.12.0',
50 silly addNameRange     '3.20.1',
50 silly addNameRange     '4.12.1',
50 silly addNameRange     '4.12.2',
50 silly addNameRange     '3.20.2',
50 silly addNameRange     '4.12.3',
50 silly addNameRange     '3.20.3',
50 silly addNameRange     '4.12.4',
50 silly addNameRange     '3.21.0',
50 silly addNameRange     '4.13.0',
50 silly addNameRange     '3.21.1',
50 silly addNameRange     '4.13.1',
50 silly addNameRange     '5.0.0-alpha.2',
50 silly addNameRange     '3.21.2',
50 silly addNameRange     '4.13.2',
50 silly addNameRange     '4.13.3' ] ]
51 silly addNamed express@4.8.8
52 verbose addNamed "4.8.8" is a plain semver version for express
53 silly mapToRegistry name express
54 silly mapToRegistry using default registry
55 silly mapToRegistry registry https://registry.npmjs.org/
56 silly mapToRegistry uri https://registry.npmjs.org/express
57 verbose addRemoteTarball https://registry.npmjs.org/express/-/express-4.8.8.tgz not in flight; adding
58 verbose addRemoteTarball [ 'https://registry.npmjs.org/express/-/express-4.8.8.tgz',
58 verbose addRemoteTarball   '6aba348ccdfa87608040b12ca0010107a0aac28e' ]
59 info retry fetch attempt 1 at 22:51:26
60 info attempt registry request try #1 at 22:51:26
61 http fetch GET https://registry.npmjs.org/express/-/express-4.8.8.tgz
62 http fetch 200 https://registry.npmjs.org/express/-/express-4.8.8.tgz
63 silly fetchAndShaCheck shasum 6aba348ccdfa87608040b12ca0010107a0aac28e
64 verbose addTmpTarball /tmp/npm-13365-a0b20463/registry.npmjs.org/express/-/express-4.8.8.tgz not in flight; adding
65 verbose addTmpTarball already have metadata; skipping unpack for express@4.8.8
66 silly rollbackFailedOptional Starting
67 silly rollbackFailedOptional Finishing
68 silly runTopLevelLifecycles Starting
69 silly runTopLevelLifecycles Finishing
70 silly install printInstalled
71 verbose stack Error: EACCES, mkdir '/home/pawel/.npm/express/4.8.8'
72 verbose cwd /home/pawel/praca_dyplomowa/1_stopien/MEAN/chapter_3/app_two/app
73 error Linux 3.13.0-57-generic
74 error argv "node" "/usr/bin/npm" "install"
75 error node v0.10.37
76 error npm  v3.3.8
77 error path /home/pawel/.npm/express/4.8.8
78 error code EACCES
79 error errno 3
80 error Error: EACCES, mkdir '/home/pawel/.npm/express/4.8.8'
80 error  { [Error: EACCES, mkdir '/home/pawel/.npm/express/4.8.8']
80 error   errno: 3,
80 error   code: 'EACCES',
80 error   path: '/home/pawel/.npm/express/4.8.8',
80 error   parent: 'MEAN' }
81 error Please try running this command again as root/Administrator.
82 verbose exit [ 3, true ]
